<?xml version="1.0"?><coverage lines-covered="1225" lines-valid="1356" line-rate="0.9033923303834809" branches-covered="0" branches-valid="0" branch-rate="0" complexity="0" version="1.9" timestamp="1774435611"><sources><source>/Users/arowolokehinde/Stellar-wave3/stellarlend-contracts/stellar-lend</source></sources><packages><package name="contracts/hello-world/src/tests" line-rate="0" branch-rate="0" complexity="0"><classes></classes></package><package name="contracts/bridge/src" line-rate="0" branch-rate="0" complexity="0"><classes></classes></package><package name="contracts/lending/src" line-rate="0.9701897018970189" branch-rate="0" complexity="0"><classes><class name="borrow" filename="contracts/lending/src/borrow.rs" line-rate="0.9534883720930233" branch-rate="0" complexity="0"><methods/><lines><line number="82" hits="813"/><line number="90" hits="1626"/><line number="92" hits="4057"/><line number="93" hits="4"/><line number="96" hits="1617"/><line number="97" hits="2"/><line number="101" hits="2421"/><line number="102" hits="807"/><line number="103" hits="1"/><line number="106" hits="2421"/><line number="108" hits="2409"/><line number="109" hits="2409"/><line number="110" hits="1606"/><line number="111" hits="1606"/><line number="112" hits="1606"/><line number="114" hits="803"/><line number="115" hits="1"/><line number="118" hits="3208"/><line number="119" hits="3208"/><line number="121" hits="802"/><line number="122" hits="802"/><line number="123" hits="1604"/><line number="124" hits="1604"/><line number="125" hits="802"/><line number="126" hits="802"/><line number="127" hits="1604"/><line number="128" hits="1604"/><line number="129" hits="802"/><line number="130" hits="2406"/><line number="132" hits="3208"/><line number="133" hits="802"/><line number="134" hits="802"/><line number="135" hits="1604"/><line number="136" hits="1604"/><line number="137" hits="2406"/><line number="139" hits="3208"/><line number="140" hits="3208"/><line number="141" hits="2406"/><line number="143" hits="4812"/><line number="144" hits="802"/><line number="147" hits="807"/><line number="148" hits="807"/><line number="150" hits="1614"/><line number="154" hits="803"/><line number="155" hits="803"/><line number="157" hits="1606"/><line number="158" hits="803"/><line number="161" hits="908"/><line number="162" hits="908"/><line number="164" hits="1816"/><line number="168" hits="907"/><line number="169" hits="907"/><line number="171" hits="2721"/><line number="174" hits="140"/><line number="175" hits="140"/><line number="177" hits="420"/><line number="180" hits="327"/><line number="181" hits="981"/><line number="184" hits="375"/><line number="185" hits="1125"/><line number="188" hits="23"/><line number="189" hits="115"/><line number="190" hits="23"/><line number="191" hits="1"/><line number="193" hits="44"/><line number="194" hits="22"/><line number="196" hits="66"/><line number="197" hits="22"/><line number="200" hits="19"/><line number="201" hits="19"/><line number="203" hits="38"/><line number="207" hits="16"/><line number="212" hits="80"/><line number="213" hits="16"/><line number="214" hits="1"/><line number="216" hits="30"/><line number="217" hits="29"/><line number="218" hits="2"/><line number="220" hits="13"/><line number="222" hits="39"/><line number="223" hits="13"/><line number="228" hits="9"/><line number="229" hits="9"/><line number="231" hits="18"/><line number="236" hits="9"/><line number="237" hits="45"/><line number="238" hits="9"/><line number="239" hits="1"/><line number="241" hits="16"/><line number="242" hits="16"/><line number="243" hits="3"/><line number="245" hits="5"/><line number="247" hits="15"/><line number="248" hits="5"/><line number="253" hits="10"/><line number="254" hits="10"/><line number="256" hits="20"/><line number="261" hits="9"/><line number="266" hits="45"/><line number="267" hits="9"/><line number="268" hits="1"/><line number="270" hits="16"/><line number="271" hits="16"/><line number="272" hits="2"/><line number="274" hits="6"/><line number="276" hits="18"/><line number="277" hits="6"/><line number="284" hits="1634"/><line number="285" hits="1634"/><line number="287" hits="3268"/><line number="288" hits="3268"/><line number="289" hits="1634"/><line number="290" hits="1634"/><line number="291" hits="4902"/><line number="292" hits="1634"/><line number="296" hits="907"/><line number="297" hits="907"/><line number="299" hits="2721"/><line number="302" hits="1448"/><line number="303" hits="1448"/><line number="305" hits="2896"/><line number="306" hits="2896"/><line number="307" hits="1448"/><line number="308" hits="1448"/><line number="312" hits="806"/><line number="313" hits="806"/><line number="315" hits="2418"/><line number="319" hits="1641"/><line number="320" hits="1641"/><line number="321" hits="658"/><line number="323" hits="1966"/><line number="326" hits="1966"/><line number="327" hits="3932"/><line number="328" hits="2949"/><line number="329" hits="3932"/><line number="331" hits="4915"/><line number="332" hits="2949"/><line number="333" hits="1966"/><line number="334" hits="1966"/><line number="335" hits="2949"/><line number="337" hits="2949"/><line number="340" hits="142"/><line number="345" hits="142"/><line number="347" hits="426"/><line number="348" hits="142"/><line number="350" hits="426"/><line number="351" hits="142"/><line number="354" hits="802"/><line number="360" hits="802"/><line number="362" hits="1604"/><line number="365" hits="807"/><line number="366" hits="1612"/><line number="367" hits="807"/><line number="368" hits="1616"/><line number="370" hits="1610"/><line number="371" hits="805"/><line number="372" hits="2"/><line number="374" hits="803"/><line number="377" hits="727"/><line number="378" hits="2908"/><line number="379" hits="2908"/><line number="380" hits="1454"/><line number="381" hits="727"/><line number="384" hits="642"/><line number="385" hits="1926"/><line number="388" hits="4"/><line number="389" hits="4"/><line number="390" hits="0"/><line number="392" hits="16"/><line number="393" hits="8"/><line number="394" hits="8"/><line number="395" hits="4"/><line number="396" hits="0"/><line number="398" hits="4"/><line number="399" hits="4"/><line number="400" hits="8"/><line number="401" hits="8"/><line number="402" hits="16"/><line number="407" hits="8"/><line number="408" hits="4"/><line number="410" hits="8"/><line number="411" hits="4"/><line number="414" hits="105"/><line number="415" hits="105"/><line number="416" hits="0"/><line number="418" hits="420"/><line number="419" hits="105"/><line number="420" hits="0"/><line number="422" hits="105"/><line number="423" hits="0"/><line number="425" hits="420"/><line number="426" hits="105"/><line number="427" hits="105"/><line number="428" hits="210"/><line number="429" hits="210"/><line number="430" hits="105"/><line number="431" hits="210"/><line number="432" hits="210"/><line number="433" hits="105"/><line number="434" hits="105"/><line number="436" hits="0"/><line number="437" hits="0"/><line number="439" hits="105"/><line number="440" hits="105"/><line number="441" hits="0"/><line number="443" hits="105"/><line number="444" hits="315"/><line number="445" hits="420"/><line number="446" hits="315"/><line number="448" hits="420"/><line number="453" hits="105"/><line number="455" hits="210"/><line number="456" hits="105"/><line number="459" hits="0"/><line number="468" hits="0"/></lines></class><class name="borrow_test" filename="contracts/lending/src/borrow_test.rs" line-rate="1" branch-rate="0" complexity="0"><methods/><lines><line number="7" hits="11"/><line number="16" hits="55"/><line number="17" hits="44"/><line number="19" hits="33"/><line number="20" hits="33"/><line number="21" hits="33"/><line number="22" hits="33"/><line number="24" hits="55"/><line number="25" hits="44"/></lines></class><class name="data_store" filename="contracts/lending/src/data_store.rs" line-rate="0.988950276243094" branch-rate="0" complexity="0"><methods/><lines><line number="142" hits="56"/><line number="143" hits="112"/><line number="145" hits="168"/><line number="146" hits="3"/><line number="149" hits="220"/><line number="150" hits="55"/><line number="152" hits="165"/><line number="153" hits="220"/><line number="156" hits="220"/><line number="157" hits="220"/><line number="159" hits="220"/><line number="160" hits="55"/><line number="162" hits="165"/><line number="164" hits="55"/><line number="165" hits="220"/><line number="177" hits="17"/><line number="178" hits="34"/><line number="179" hits="51"/><line number="181" hits="51"/><line number="184" hits="34"/><line number="185" hits="19"/><line number="188" hits="49"/><line number="189" hits="75"/><line number="190" hits="45"/><line number="193" hits="17"/><line number="194" hits="68"/><line number="202" hits="5"/><line number="203" hits="10"/><line number="204" hits="15"/><line number="206" hits="15"/><line number="209" hits="10"/><line number="210" hits="5"/><line number="212" hits="20"/><line number="213" hits="15"/><line number="214" hits="6"/><line number="215" hits="2"/><line number="218" hits="5"/><line number="220" hits="15"/><line number="222" hits="5"/><line number="223" hits="20"/><line number="250" hits="112"/><line number="251" hits="224"/><line number="252" hits="224"/><line number="253" hits="336"/><line number="256" hits="112"/><line number="257" hits="12"/><line number="259" hits="108"/><line number="260" hits="3"/><line number="263" hits="214"/><line number="264" hits="321"/><line number="266" hits="107"/><line number="268" hits="303"/><line number="271" hits="202"/><line number="274" hits="101"/><line number="275" hits="0"/><line number="279" hits="303"/><line number="282" hits="202"/><line number="283" hits="119"/><line number="284" hits="404"/><line number="285" hits="101"/><line number="287" hits="303"/><line number="289" hits="101"/><line number="291" hits="303"/><line number="294" hits="428"/><line number="296" hits="107"/><line number="297" hits="535"/><line number="317" hits="85"/><line number="318" hits="170"/><line number="320" hits="85"/><line number="322" hits="170"/><line number="323" hits="87"/><line number="351" hits="17"/><line number="352" hits="34"/><line number="353" hits="34"/><line number="354" hits="51"/><line number="356" hits="17"/><line number="357" hits="6"/><line number="361" hits="45"/><line number="364" hits="30"/><line number="365" hits="15"/><line number="368" hits="60"/><line number="369" hits="60"/><line number="371" hits="46"/><line number="372" hits="48"/><line number="375" hits="32"/><line number="377" hits="64"/><line number="378" hits="32"/><line number="383" hits="30"/><line number="384" hits="15"/><line number="385" hits="15"/><line number="388" hits="30"/><line number="389" hits="30"/><line number="390" hits="30"/><line number="418" hits="13"/><line number="419" hits="26"/><line number="420" hits="26"/><line number="421" hits="39"/><line number="423" hits="39"/><line number="426" hits="26"/><line number="428" hits="33"/><line number="429" hits="20"/><line number="430" hits="9"/><line number="434" hits="30"/><line number="437" hits="20"/><line number="438" hits="10"/><line number="440" hits="54"/><line number="441" hits="34"/><line number="445" hits="40"/><line number="446" hits="30"/><line number="448" hits="34"/><line number="449" hits="72"/><line number="450" hits="72"/><line number="451" hits="24"/><line number="453" hits="48"/><line number="454" hits="24"/><line number="458" hits="10"/><line number="460" hits="30"/><line number="461" hits="10"/><line number="463" hits="30"/><line number="465" hits="10"/><line number="466" hits="40"/><line number="493" hits="14"/><line number="499" hits="28"/><line number="500" hits="28"/><line number="501" hits="42"/><line number="503" hits="42"/><line number="506" hits="28"/><line number="509" hits="14"/><line number="510" hits="12"/><line number="514" hits="15"/><line number="515" hits="5"/><line number="516" hits="3"/><line number="520" hits="9"/><line number="522" hits="27"/><line number="524" hits="9"/><line number="525" hits="36"/><line number="533" hits="10"/><line number="534" hits="20"/><line number="535" hits="10"/><line number="537" hits="20"/><line number="542" hits="26"/><line number="543" hits="52"/><line number="544" hits="26"/><line number="546" hits="52"/><line number="551" hits="9"/><line number="552" hits="18"/><line number="553" hits="27"/><line number="558" hits="5"/><line number="559" hits="10"/><line number="560" hits="5"/><line number="562" hits="10"/><line number="563" hits="5"/><line number="568" hits="4"/><line number="569" hits="8"/><line number="570" hits="0"/><line number="572" hits="8"/><line number="573" hits="1"/><line number="575" hits="9"/><line number="578" hits="6"/><line number="579" hits="3"/><line number="580" hits="9"/><line number="588" hits="291"/><line number="589" hits="582"/><line number="590" hits="3"/><line number="595" hits="49"/><line number="596" hits="147"/><line number="599" hits="98"/><line number="600" hits="49"/><line number="602" hits="49"/><line number="603" hits="15"/><line number="608" hits="128"/><line number="609" hits="384"/><line number="612" hits="256"/><line number="613" hits="128"/><line number="615" hits="128"/><line number="616" hits="117"/><line number="619" hits="33"/><line number="622" hits="22"/><line number="623" hits="11"/><line number="625" hits="22"/><line number="626" hits="9"/></lines></class><class name="data_store_test" filename="contracts/lending/src/data_store_test.rs" line-rate="1" branch-rate="0" complexity="0"><methods/><lines><line number="24" hits="54"/><line number="25" hits="108"/><line number="26" hits="108"/><line number="27" hits="270"/><line number="28" hits="216"/><line number="29" hits="54"/><line number="33" hits="53"/><line number="34" hits="159"/><line number="35" hits="159"/><line number="36" hits="159"/><line number="37" hits="106"/><line number="41" hits="9"/><line number="42" hits="36"/><line number="43" hits="27"/><line number="44" hits="36"/><line number="45" hits="27"/><line number="49" hits="97"/><line number="50" hits="291"/><line number="54" hits="58"/><line number="55" hits="174"/><line number="59" hits="2"/><line number="60" hits="6"/><line number="61" hits="8195"/><line number="62" hits="8193"/><line number="64" hits="2"/><line number="68" hits="5"/><line number="69" hits="20"/></lines></class><class name="deposit" filename="contracts/lending/src/deposit.rs" line-rate="0.9836065573770492" branch-rate="0" complexity="0"><methods/><lines><line number="58" hits="485"/><line number="64" hits="970"/><line number="66" hits="1455"/><line number="67" hits="0"/><line number="70" hits="485"/><line number="71" hits="2"/><line number="74" hits="1449"/><line number="75" hits="483"/><line number="76" hits="1"/><line number="79" hits="1446"/><line number="80" hits="1446"/><line number="81" hits="963"/><line number="82" hits="964"/><line number="83" hits="965"/><line number="85" hits="481"/><line number="86" hits="2"/><line number="89" hits="2395"/><line number="90" hits="479"/><line number="91" hits="479"/><line number="92" hits="958"/><line number="93" hits="958"/><line number="94" hits="479"/><line number="95" hits="1437"/><line number="97" hits="1916"/><line number="98" hits="1437"/><line number="99" hits="2874"/><line number="101" hits="479"/><line number="105" hits="46"/><line number="110" hits="46"/><line number="112" hits="138"/><line number="113" hits="46"/><line number="115" hits="138"/><line number="116" hits="46"/><line number="119" hits="424"/><line number="120" hits="1696"/><line number="123" hits="903"/><line number="124" hits="903"/><line number="126" hits="1806"/><line number="127" hits="1806"/><line number="128" hits="903"/><line number="129" hits="2709"/><line number="130" hits="903"/><line number="134" hits="479"/><line number="135" hits="479"/><line number="137" hits="1437"/><line number="140" hits="482"/><line number="141" hits="482"/><line number="143" hits="964"/><line number="147" hits="479"/><line number="148" hits="479"/><line number="150" hits="1437"/><line number="153" hits="482"/><line number="154" hits="482"/><line number="156" hits="964"/><line number="157" hits="482"/><line number="160" hits="483"/><line number="161" hits="483"/><line number="163" hits="966"/><line number="167" hits="479"/><line number="173" hits="479"/><line number="175" hits="958"/></lines></class><class name="flash_loan" filename="contracts/lending/src/flash_loan.rs" line-rate="0.95" branch-rate="0" complexity="0"><methods/><lines><line number="35" hits="8"/><line number="42" hits="8"/><line number="43" hits="0"/><line number="46" hits="16"/><line number="47" hits="32"/><line number="48" hits="0"/><line number="50" hits="32"/><line number="52" hits="32"/><line number="55" hits="32"/><line number="56" hits="32"/><line number="59" hits="40"/><line number="62" hits="32"/><line number="63" hits="8"/><line number="64" hits="16"/><line number="66" hits="24"/><line number="67" hits="24"/><line number="68" hits="16"/><line number="69" hits="8"/><line number="70" hits="8"/><line number="72" hits="16"/><line number="75" hits="8"/><line number="76" hits="16"/><line number="77" hits="4"/><line number="81" hits="16"/><line number="84" hits="16"/><line number="86" hits="8"/><line number="87" hits="1"/><line number="90" hits="3"/><line number="94" hits="8"/><line number="95" hits="24"/><line number="96" hits="32"/><line number="100" hits="5"/><line number="101" hits="10"/><line number="102" hits="1"/><line number="104" hits="4"/><line number="106" hits="12"/><line number="107" hits="4"/><line number="111" hits="8"/><line number="112" hits="8"/><line number="114" hits="16"/></lines></class><class name="flash_loan_test" filename="contracts/lending/src/flash_loan_test.rs" line-rate="1" branch-rate="0" complexity="0"><methods/><lines><line number="10" hits="4"/><line number="18" hits="8"/><line number="21" hits="5"/><line number="22" hits="3"/><line number="23" hits="4"/><line number="24" hits="1"/><line number="27" hits="16"/><line number="30" hits="8"/><line number="31" hits="4"/><line number="32" hits="4"/><line number="33" hits="4"/><line number="35" hits="4"/><line number="44" hits="1"/><line number="52" hits="1"/><line number="61" hits="1"/><line number="69" hits="2"/><line number="178" hits="1"/><line number="186" hits="4"/><line number="187" hits="2"/><line number="188" hits="1"/><line number="189" hits="1"/><line number="190" hits="1"/><line number="191" hits="1"/><line number="193" hits="1"/></lines></class><class name="lib" filename="contracts/lending/src/lib.rs" line-rate="0.9359605911330049" branch-rate="0" complexity="0"><methods/><lines><line number="99" hits="140"/><line number="105" hits="280"/><line number="106" hits="0"/><line number="108" hits="420"/><line number="109" hits="560"/><line number="110" hits="140"/><line number="114" hits="815"/><line number="122" hits="1630"/><line number="123" hits="2"/><line number="126" hits="813"/><line number="127" hits="813"/><line number="128" hits="813"/><line number="129" hits="813"/><line number="130" hits="813"/><line number="131" hits="813"/><line number="136" hits="22"/><line number="142" hits="67"/><line number="143" hits="105"/><line number="144" hits="21"/><line number="148" hits="4"/><line number="149" hits="12"/><line number="150" hits="16"/><line number="151" hits="4"/><line number="155" hits="1"/><line number="156" hits="2"/><line number="160" hits="5"/><line number="161" hits="16"/><line number="162" hits="8"/><line number="163" hits="12"/><line number="164" hits="4"/><line number="168" hits="5"/><line number="169" hits="15"/><line number="170" hits="5"/><line number="171" hits="1"/><line number="173" hits="12"/><line number="174" hits="4"/><line number="178" hits="2"/><line number="179" hits="6"/><line number="180" hits="6"/><line number="181" hits="2"/><line number="185" hits="4"/><line number="186" hits="8"/><line number="190" hits="108"/><line number="191" hits="216"/><line number="192" hits="635"/><line number="193" hits="4"/><line number="195" hits="520"/><line number="199" hits="3"/><line number="205" hits="6"/><line number="206" hits="15"/><line number="207" hits="0"/><line number="209" hits="15"/><line number="213" hits="491"/><line number="219" hits="2447"/><line number="220" hits="6"/><line number="222" hits="2425"/><line number="226" hits="2"/><line number="234" hits="4"/><line number="235" hits="6"/><line number="236" hits="2"/><line number="241" hits="0"/><line number="242" hits="0"/><line number="243" hits="0"/><line number="244" hits="0"/><line number="245" hits="0"/><line number="246" hits="0"/><line number="249" hits="0"/><line number="254" hits="1"/><line number="255" hits="3"/><line number="258" hits="2"/><line number="259" hits="2"/><line number="260" hits="1"/><line number="264" hits="538"/><line number="265" hits="1614"/><line number="269" hits="458"/><line number="270" hits="1374"/><line number="278" hits="3"/><line number="279" hits="9"/><line number="283" hits="5"/><line number="284" hits="15"/><line number="288" hits="5"/><line number="289" hits="15"/><line number="293" hits="5"/><line number="294" hits="15"/><line number="298" hits="12"/><line number="299" hits="36"/><line number="303" hits="155"/><line number="304" hits="465"/><line number="308" hits="23"/><line number="309" hits="92"/><line number="313" hits="16"/><line number="318" hits="64"/><line number="323" hits="3"/><line number="324" hits="6"/><line number="328" hits="9"/><line number="329" hits="36"/><line number="333" hits="3"/><line number="334" hits="6"/><line number="338" hits="9"/><line number="343" hits="36"/><line number="348" hits="11"/><line number="349" hits="33"/><line number="354" hits="9"/><line number="355" hits="27"/><line number="359" hits="2"/><line number="364" hits="10"/><line number="365" hits="4"/><line number="366" hits="8"/><line number="370" hits="46"/><line number="375" hits="230"/><line number="376" hits="92"/><line number="377" hits="184"/><line number="381" hits="5"/><line number="382" hits="25"/><line number="383" hits="10"/><line number="384" hits="5"/><line number="386" hits="15"/><line number="387" hits="5"/><line number="391" hits="424"/><line number="396" hits="1696"/><line number="399" hits="0"/><line number="400" hits="0"/><line number="404" hits="10"/><line number="411" hits="50"/><line number="412" hits="2"/><line number="414" hits="48"/><line number="418" hits="5"/><line number="419" hits="25"/><line number="420" hits="10"/><line number="421" hits="15"/><line number="425" hits="40"/><line number="431" hits="120"/><line number="432" hits="107"/><line number="434" hits="4"/><line number="436" hits="180"/><line number="440" hits="31"/><line number="444" hits="155"/><line number="445" hits="62"/><line number="446" hits="93"/><line number="450" hits="3"/><line number="451" hits="15"/><line number="452" hits="6"/><line number="453" hits="9"/><line number="457" hits="4"/><line number="464" hits="24"/><line number="471" hits="38"/><line number="477" hits="190"/><line number="480" hits="24"/><line number="481" hits="96"/><line number="484" hits="3"/><line number="485" hits="12"/><line number="488" hits="52"/><line number="494" hits="260"/><line number="497" hits="22"/><line number="498" hits="88"/><line number="501" hits="47"/><line number="502" hits="188"/><line number="505" hits="8"/><line number="506" hits="32"/><line number="509" hits="8"/><line number="510" hits="24"/><line number="513" hits="8"/><line number="514" hits="16"/><line number="517" hits="29"/><line number="518" hits="58"/><line number="525" hits="13"/><line number="526" hits="39"/><line number="527" hits="11"/><line number="529" hits="6"/><line number="532" hits="3"/><line number="533" hits="12"/><line number="536" hits="1"/><line number="537" hits="4"/><line number="540" hits="68"/><line number="541" hits="340"/><line number="544" hits="67"/><line number="545" hits="201"/><line number="548" hits="1"/><line number="549" hits="4"/><line number="552" hits="1"/><line number="553" hits="4"/><line number="556" hits="1"/><line number="562" hits="5"/><line number="565" hits="2"/><line number="566" hits="4"/><line number="569" hits="11"/><line number="570" hits="22"/><line number="573" hits="0"/><line number="574" hits="0"/><line number="578" hits="33"/><line number="579" hits="165"/><line number="580" hits="33"/><line number="581" hits="1"/><line number="583" hits="64"/><line number="584" hits="32"/><line number="587" hits="5"/><line number="588" hits="25"/><line number="589" hits="5"/><line number="590" hits="1"/><line number="593" hits="20"/><line number="594" hits="4"/><line number="595" hits="1"/><line number="598" hits="3"/></lines></class><class name="liquidation_boundary_test" filename="contracts/lending/src/liquidation_boundary_test.rs" line-rate="1" branch-rate="0" complexity="0"><methods/><lines><line number="38" hits="22"/><line number="39" hits="22"/><line number="47" hits="30"/><line number="56" hits="150"/><line number="57" hits="120"/><line number="58" hits="90"/><line number="59" hits="90"/><line number="60" hits="90"/><line number="61" hits="90"/><line number="62" hits="150"/><line number="63" hits="120"/><line number="66" hits="9"/><line number="75" hits="54"/><line number="76" hits="45"/><line number="77" hits="36"/><line number="78" hits="36"/></lines></class><class name="pause" filename="contracts/lending/src/pause.rs" line-rate="1" branch-rate="0" complexity="0"><methods/><lines><line number="88" hits="21"/><line number="90" hits="21"/><line number="92" hits="63"/><line number="100" hits="42"/><line number="114" hits="1986"/><line number="116" hits="1986"/><line number="119" hits="3972"/><line number="122" hits="5"/><line number="126" hits="1981"/><line number="127" hits="1971"/><line number="128" hits="1971"/><line number="129" hits="1971"/><line number="130" hits="3942"/><line number="131" hits="1971"/><line number="134" hits="10"/><line number="138" hits="4"/><line number="139" hits="4"/><line number="141" hits="12"/><line number="146" hits="5"/><line number="147" hits="15"/><line number="151" hits="2423"/><line number="152" hits="2423"/><line number="154" hits="4846"/><line number="155" hits="4846"/><line number="159" hits="142"/><line number="160" hits="142"/><line number="164" hits="2262"/><line number="165" hits="2254"/><line number="166" hits="2262"/><line number="172" hits="4"/><line number="173" hits="16"/><line number="177" hits="4"/><line number="178" hits="16"/><line number="182" hits="2"/><line number="183" hits="8"/><line number="186" hits="10"/><line number="187" hits="30"/><line number="188" hits="10"/><line number="190" hits="30"/></lines></class><class name="race_tests" filename="contracts/lending/src/race_tests.rs" line-rate="1" branch-rate="0" complexity="0"><methods/><lines><line number="21" hits="6"/><line number="30" hits="30"/><line number="31" hits="24"/><line number="33" hits="18"/><line number="34" hits="18"/><line number="35" hits="18"/><line number="36" hits="18"/><line number="38" hits="30"/><line number="39" hits="24"/><line number="40" hits="18"/><line number="42" hits="24"/></lines></class><class name="stress_test" filename="contracts/lending/src/stress_test.rs" line-rate="1" branch-rate="0" complexity="0"><methods/><lines><line number="33" hits="11"/><line number="34" hits="55"/><line number="35" hits="44"/><line number="37" hits="33"/><line number="38" hits="33"/><line number="39" hits="33"/><line number="42" hits="55"/><line number="44" hits="33"/><line number="48" hits="7"/><line number="49" hits="21"/><line number="50" hits="957"/><line number="51" hits="2850"/><line number="53" hits="7"/><line number="57" hits="3"/><line number="65" hits="909"/><line number="66" hits="1350"/><line number="67" hits="1350"/><line number="68" hits="1350"/><line number="70" hits="1350"/><line number="71" hits="900"/><line number="72" hits="900"/><line number="73" hits="900"/><line number="74" hits="450"/><line number="75" hits="450"/><line number="82" hits="2"/><line number="89" hits="606"/><line number="90" hits="900"/><line number="91" hits="900"/><line number="92" hits="1200"/></lines></class><class name="token_receiver" filename="contracts/lending/src/token_receiver.rs" line-rate="1" branch-rate="0" complexity="0"><methods/><lines><line number="20" hits="4"/><line number="27" hits="8"/><line number="28" hits="1"/><line number="31" hits="21"/><line number="33" hits="9"/><line number="34" hits="5"/><line number="35" hits="6"/><line number="36" hits="5"/><line number="38" hits="1"/></lines></class><class name="upgrade_migration_safety_test" filename="contracts/lending/src/upgrade_migration_safety_test.rs" line-rate="1" branch-rate="0" complexity="0"><methods/><lines><line number="21" hits="71"/><line number="22" hits="213"/><line number="25" hits="25"/><line number="26" hits="125"/><line number="27" hits="100"/><line number="28" hits="75"/><line number="29" hits="25"/><line number="32" hits="25"/><line number="36" hits="75"/><line number="37" hits="125"/><line number="38" hits="25"/><line number="42" hits="1"/><line number="44" hits="3"/><line number="46" hits="18"/><line number="47" hits="25"/><line number="48" hits="25"/><line number="49" hits="20"/></lines></class><class name="upgrade_test" filename="contracts/lending/src/upgrade_test.rs" line-rate="0.8" branch-rate="0" complexity="0"><methods/><lines><line number="5" hits="22"/><line number="6" hits="66"/><line number="10" hits="11"/><line number="11" hits="55"/><line number="12" hits="44"/><line number="13" hits="33"/><line number="14" hits="55"/><line number="15" hits="11"/><line number="18" hits="10"/><line number="22" hits="0"/><line number="23" hits="40"/><line number="24" hits="0"/><line number="25" hits="0"/><line number="29" hits="2"/><line number="30" hits="6"/></lines></class><class name="views" filename="contracts/lending/src/views.rs" line-rate="0.981651376146789" branch-rate="0" complexity="0"><methods/><lines><line number="55" hits="44"/><line number="56" hits="88"/><line number="57" hits="44"/><line number="58" hits="88"/><line number="59" hits="132"/><line number="66" hits="182"/><line number="67" hits="182"/><line number="68" hits="4"/><line number="70" hits="200"/><line number="71" hits="156"/><line number="73" hits="110"/><line number="74" hits="22"/><line number="75" hits="0"/><line number="77" hits="88"/><line number="78" hits="88"/><line number="79" hits="66"/><line number="80" hits="110"/><line number="81" hits="66"/><line number="87" hits="181"/><line number="88" hits="362"/><line number="89" hits="181"/><line number="90" hits="362"/><line number="92" hits="181"/><line number="93" hits="4"/><line number="95" hits="199"/><line number="96" hits="155"/><line number="98" hits="110"/><line number="99" hits="22"/><line number="100" hits="0"/><line number="102" hits="88"/><line number="103" hits="88"/><line number="104" hits="66"/><line number="105" hits="110"/><line number="106" hits="66"/><line number="117" hits="178"/><line number="123" hits="178"/><line number="124" hits="158"/><line number="125" hits="154"/><line number="127" hits="4"/><line number="129" hits="20"/><line number="130" hits="1"/><line number="132" hits="57"/><line number="133" hits="76"/><line number="134" hits="76"/><line number="135" hits="57"/><line number="136" hits="76"/><line number="138" hits="95"/><line number="140" hits="95"/><line number="141" hits="57"/><line number="159" hits="3"/><line number="160" hits="12"/><line number="161" hits="3"/><line number="175" hits="5"/><line number="176" hits="20"/><line number="177" hits="5"/><line number="178" hits="5"/><line number="179" hits="10"/><line number="189" hits="5"/><line number="190" hits="20"/><line number="191" hits="15"/><line number="200" hits="5"/><line number="201" hits="20"/><line number="202" hits="15"/><line number="215" hits="12"/><line number="216" hits="48"/><line number="217" hits="48"/><line number="218" hits="24"/><line number="219" hits="12"/><line number="220" hits="24"/><line number="222" hits="48"/><line number="223" hits="48"/><line number="224" hits="60"/><line number="239" hits="11"/><line number="240" hits="44"/><line number="241" hits="22"/><line number="242" hits="11"/><line number="243" hits="22"/><line number="245" hits="11"/><line number="246" hits="2"/><line number="248" hits="36"/><line number="249" hits="36"/><line number="250" hits="36"/><line number="251" hits="45"/><line number="253" hits="17"/><line number="254" hits="3"/><line number="256" hits="18"/><line number="257" hits="24"/><line number="258" hits="24"/><line number="259" hits="30"/><line number="260" hits="18"/><line number="272" hits="9"/><line number="273" hits="9"/><line number="274" hits="2"/><line number="276" hits="21"/><line number="277" hits="28"/><line number="278" hits="28"/><line number="279" hits="35"/><line number="280" hits="21"/><line number="289" hits="155"/><line number="290" hits="620"/><line number="291" hits="620"/><line number="292" hits="310"/><line number="293" hits="155"/><line number="294" hits="310"/><line number="296" hits="620"/><line number="297" hits="620"/><line number="298" hits="155"/><line number="299" hits="775"/><line number="302" hits="310"/></lines></class><class name="views_test" filename="contracts/lending/src/views_test.rs" line-rate="1" branch-rate="0" complexity="0"><methods/><lines><line number="18" hits="22"/><line number="19" hits="22"/><line number="23" hits="22"/><line number="32" hits="110"/><line number="33" hits="88"/><line number="34" hits="66"/><line number="35" hits="66"/><line number="36" hits="66"/><line number="37" hits="66"/><line number="38" hits="110"/><line number="39" hits="88"/><line number="42" hits="12"/><line number="52" hits="72"/><line number="53" hits="60"/><line number="54" hits="48"/><line number="55" hits="60"/></lines></class><class name="withdraw" filename="contracts/lending/src/withdraw.rs" line-rate="1" branch-rate="0" complexity="0"><methods/><lines><line number="50" hits="36"/><line number="56" hits="72"/><line number="58" hits="174"/><line number="59" hits="2"/><line number="62" hits="34"/><line number="63" hits="2"/><line number="66" hits="96"/><line number="67" hits="32"/><line number="68" hits="2"/><line number="71" hits="150"/><line number="73" hits="30"/><line number="74" hits="3"/><line number="77" hits="54"/><line number="78" hits="27"/><line number="79" hits="54"/><line number="80" hits="54"/><line number="82" hits="111"/><line number="86" hits="48"/><line number="87" hits="24"/><line number="90" hits="96"/><line number="92" hits="72"/><line number="93" hits="120"/><line number="94" hits="72"/><line number="101" hits="24"/><line number="103" hits="48"/><line number="105" hits="24"/><line number="109" hits="27"/><line number="116" hits="81"/><line number="119" hits="54"/><line number="121" hits="36"/><line number="122" hits="18"/><line number="123" hits="9"/><line number="124" hits="18"/><line number="125" hits="18"/><line number="127" hits="9"/><line number="128" hits="16"/><line number="129" hits="8"/><line number="130" hits="16"/><line number="132" hits="16"/><line number="134" hits="8"/><line number="135" hits="3"/><line number="140" hits="24"/><line number="144" hits="31"/><line number="148" hits="31"/><line number="150" hits="93"/><line number="151" hits="31"/><line number="153" hits="93"/><line number="154" hits="31"/><line number="158" hits="3"/><line number="159" hits="3"/><line number="161" hits="9"/><line number="162" hits="3"/><line number="165" hits="30"/><line number="166" hits="30"/><line number="168" hits="60"/><line number="169" hits="60"/><line number="170" hits="30"/><line number="171" hits="90"/><line number="172" hits="30"/><line number="176" hits="24"/><line number="177" hits="24"/><line number="179" hits="72"/><line number="182" hits="24"/><line number="183" hits="24"/><line number="185" hits="48"/><line number="189" hits="24"/><line number="190" hits="24"/><line number="192" hits="72"/><line number="195" hits="32"/><line number="196" hits="32"/><line number="198" hits="64"/><line number="202" hits="36"/><line number="203" hits="36"/><line number="205" hits="72"/></lines></class><class name="withdraw_test" filename="contracts/lending/src/withdraw_test.rs" line-rate="1" branch-rate="0" complexity="0"><methods/><lines><line number="9" hits="23"/><line number="10" hits="46"/><line number="11" hits="46"/><line number="12" hits="115"/><line number="13" hits="92"/><line number="14" hits="23"/><line number="18" hits="20"/><line number="25" hits="60"/><line number="26" hits="100"/><line number="27" hits="80"/><line number="28" hits="60"/><line number="29" hits="100"/></lines></class></classes></package><package name="contracts/common/src" line-rate="0.9805194805194806" branch-rate="0" complexity="0"><classes><class name="upgrade" filename="contracts/common/src/upgrade.rs" line-rate="0.9805194805194806" branch-rate="0" complexity="0"><methods/><lines><line number="68" hits="38"/><line number="69" hits="114"/><line number="70" hits="0"/><line number="72" hits="38"/><line number="73" hits="3"/><line number="76" hits="111"/><line number="77" hits="148"/><line number="79" hits="148"/><line number="80" hits="37"/><line number="82" hits="111"/><line number="83" hits="37"/><line number="85" hits="111"/><line number="86" hits="37"/><line number="88" hits="111"/><line number="89" hits="37"/><line number="91" hits="111"/><line number="92" hits="37"/><line number="94" hits="111"/><line number="97" hits="37"/><line number="98" hits="111"/><line number="102" hits="24"/><line number="103" hits="48"/><line number="104" hits="72"/><line number="106" hits="72"/><line number="107" hits="72"/><line number="108" hits="120"/><line number="109" hits="48"/><line number="111" hits="48"/><line number="115" hits="24"/><line number="116" hits="96"/><line number="120" hits="3"/><line number="121" hits="6"/><line number="122" hits="9"/><line number="124" hits="9"/><line number="125" hits="9"/><line number="126" hits="13"/><line number="127" hits="11"/><line number="128" hits="8"/><line number="132" hits="9"/><line number="133" hits="0"/><line number="135" hits="18"/><line number="136" hits="3"/><line number="139" hits="2"/><line number="141" hits="6"/><line number="142" hits="2"/><line number="143" hits="8"/><line number="146" hits="52"/><line number="152" hits="104"/><line number="153" hits="156"/><line number="155" hits="208"/><line number="156" hits="52"/><line number="157" hits="9"/><line number="160" hits="147"/><line number="161" hits="196"/><line number="163" hits="196"/><line number="164" hits="147"/><line number="165" hits="36"/><line number="167" hits="13"/><line number="170" hits="147"/><line number="173" hits="98"/><line number="177" hits="147"/><line number="186" hits="49"/><line number="188" hits="147"/><line number="189" hits="49"/><line number="191" hits="147"/><line number="194" hits="49"/><line number="195" hits="196"/><line number="196" hits="49"/><line number="200" hits="22"/><line number="201" hits="44"/><line number="202" hits="66"/><line number="204" hits="110"/><line number="205" hits="23"/><line number="206" hits="0"/><line number="208" hits="66"/><line number="209" hits="9"/><line number="212" hits="76"/><line number="213" hits="86"/><line number="214" hits="10"/><line number="216" hits="57"/><line number="218" hits="19"/><line number="220" hits="57"/><line number="222" hits="19"/><line number="223" hits="76"/><line number="224" hits="19"/><line number="228" hits="47"/><line number="229" hits="94"/><line number="230" hits="141"/><line number="232" hits="235"/><line number="233" hits="47"/><line number="234" hits="12"/><line number="237" hits="172"/><line number="238" hits="172"/><line number="239" hits="86"/><line number="240" hits="43"/><line number="241" hits="43"/><line number="247" hits="43"/><line number="249" hits="129"/><line number="250" hits="43"/><line number="252" hits="129"/><line number="253" hits="43"/><line number="255" hits="129"/><line number="258" hits="86"/><line number="259" hits="86"/><line number="260" hits="43"/><line number="265" hits="8"/><line number="266" hits="16"/><line number="267" hits="24"/><line number="269" hits="40"/><line number="270" hits="8"/><line number="271" hits="6"/><line number="274" hits="24"/><line number="275" hits="18"/><line number="281" hits="6"/><line number="283" hits="18"/><line number="284" hits="6"/><line number="286" hits="18"/><line number="288" hits="6"/><line number="289" hits="6"/><line number="291" hits="18"/><line number="294" hits="12"/><line number="295" hits="12"/><line number="296" hits="6"/><line number="300" hits="8"/><line number="301" hits="40"/><line number="303" hits="16"/><line number="304" hits="16"/><line number="305" hits="24"/><line number="306" hits="16"/><line number="307" hits="8"/><line number="311" hits="48"/><line number="312" hits="48"/><line number="314" hits="96"/><line number="318" hits="121"/><line number="319" hits="121"/><line number="321" hits="242"/><line number="325" hits="78"/><line number="326" hits="78"/><line number="328" hits="156"/><line number="332" hits="79"/><line number="333" hits="79"/><line number="335" hits="158"/><line number="336" hits="81"/><line number="339" hits="95"/><line number="340" hits="95"/><line number="342" hits="190"/><line number="343" hits="95"/><line number="346" hits="87"/><line number="347" hits="522"/><line number="348" hits="87"/><line number="349" hits="6"/><line number="353" hits="69"/><line number="354" hits="138"/><line number="355" hits="15"/></lines></class></classes></package><package name="contracts/amm/src" line-rate="0" branch-rate="0" complexity="0"><classes><class name="liquidate_test" filename="contracts/amm/src/liquidate_test.rs" line-rate="0" branch-rate="0" complexity="0"><methods/><lines><line number="10" hits="0"/><line number="11" hits="0"/></lines></class><class name="test" filename="contracts/amm/src/test.rs" line-rate="0" branch-rate="0" complexity="0"><methods/><lines><line number="5" hits="0"/><line number="6" hits="0"/></lines></class></classes></package><package name="client/examples" line-rate="0" branch-rate="0" complexity="0"><classes></classes></package><package name="contracts/hello-world/src" line-rate="0" branch-rate="0" complexity="0"><classes><class name="reentrancy" filename="contracts/hello-world/src/reentrancy.rs" line-rate="0" branch-rate="0" complexity="0"><methods/><lines><line number="8" hits="0"/><line number="9" hits="0"/><line number="10" hits="0"/><line number="12" hits="0"/><line number="14" hits="0"/><line number="15" hits="0"/><line number="20" hits="0"/><line number="21" hits="0"/><line number="22" hits="0"/></lines></class></classes></package><package name="client/src" line-rate="0" branch-rate="0" complexity="0"><classes><class name="retry" filename="client/src/retry.rs" line-rate="0" branch-rate="0" complexity="0"><methods/><lines><line number="77" hits="0"/><line number="78" hits="0"/><line number="79" hits="0"/><line number="81" hits="0"/><line number="82" hits="0"/><line number="83" hits="0"/><line number="85" hits="0"/><line number="86" hits="0"/><line number="87" hits="0"/><line number="88" hits="0"/><line number="90" hits="0"/><line number="92" hits="0"/><line number="94" hits="0"/><line number="95" hits="0"/><line number="96" hits="0"/><line number="100" hits="0"/><line number="101" hits="0"/><line number="102" hits="0"/><line number="103" hits="0"/><line number="105" hits="0"/><line number="109" hits="0"/><line number="110" hits="0"/><line number="111" hits="0"/><line number="112" hits="0"/><line number="113" hits="0"/><line number="118" hits="0"/><line number="120" hits="0"/><line number="121" hits="0"/><line number="122" hits="0"/><line number="126" hits="0"/><line number="143" hits="0"/><line number="144" hits="0"/><line number="146" hits="0"/><line number="147" hits="0"/><line number="148" hits="0"/><line number="150" hits="0"/><line number="151" hits="0"/><line number="152" hits="0"/><line number="153" hits="0"/><line number="155" hits="0"/><line number="157" hits="0"/><line number="159" hits="0"/><line number="160" hits="0"/><line number="161" hits="0"/><line number="165" hits="0"/><line number="166" hits="0"/><line number="167" hits="0"/><line number="168" hits="0"/><line number="170" hits="0"/><line number="174" hits="0"/><line number="175" hits="0"/><line number="176" hits="0"/><line number="177" hits="0"/><line number="178" hits="0"/><line number="182" hits="0"/><line number="183" hits="0"/><line number="184" hits="0"/><line number="188" hits="0"/></lines></class></classes></package><package name="indexing_system/src" line-rate="0" branch-rate="0" complexity="0"><classes><class name="cache" filename="indexing_system/src/cache.rs" line-rate="0" branch-rate="0" complexity="0"><methods/><lines><line number="305" hits="0"/><line number="307" hits="0"/><line number="308" hits="0"/><line number="309" hits="0"/><line number="310" hits="0"/><line number="312" hits="0"/><line number="322" hits="0"/><line number="323" hits="0"/><line number="324" hits="0"/><line number="325" hits="0"/><line number="326" hits="0"/><line number="327" hits="0"/><line number="329" hits="0"/><line number="330" hits="0"/><line number="331" hits="0"/><line number="332" hits="0"/><line number="334" hits="0"/><line number="343" hits="0"/><line number="344" hits="0"/><line number="346" hits="0"/><line number="347" hits="0"/><line number="348" hits="0"/><line number="349" hits="0"/><line number="351" hits="0"/></lines></class></classes></package></packages></coverage>